Doctest: zoom.api.API ... ok
Doctest: zoom.buckets.Bucket ... ok
Doctest: zoom.cache.cached ... ok
Doctest: zoom.db.Database ... ok
Doctest: zoom.expressions.TestExpressions ... ok
Doctest: zoom.feature.Feature ... ok
Doctest: zoom.fields.Button ... ok
Doctest: zoom.fields.ButtonField ... ok
Doctest: zoom.fields.Buttons ... ok
Doctest: zoom.fields.CheckboxField ... ok
Doctest: zoom.fields.CheckboxesField ... ok
Doctest: zoom.fields.ChosenMultiselectField ... ok
Doctest: zoom.fields.DateField ... ok
Doctest: zoom.fields.DecimalField ... ok
Doctest: zoom.fields.EditField ... ok
Doctest: zoom.fields.EmailField ... ok
Doctest: zoom.fields.Field.__repr__ ... ok
Doctest: zoom.fields.Field.display_value ... ok
Doctest: zoom.fields.Field.initialize ... ok
Doctest: zoom.fields.Field.render_hint ... ok
Doctest: zoom.fields.Field.render_msg ... ok
Doctest: zoom.fields.Field.update ... ok
Doctest: zoom.fields.Field.valid ... ok
Doctest: zoom.fields.Field.validate ... ok
Doctest: zoom.fields.Fields ... ok
Doctest: zoom.fields.Fields.as_list ... ok
Doctest: zoom.fields.Fields.display_value ... ok
Doctest: zoom.fields.Fields.evaluate ... ok
Doctest: zoom.fields.Fields.initialize ... ok
Doctest: zoom.fields.Fields.update ... ok
Doctest: zoom.fields.Fieldset ... ok
Doctest: zoom.fields.FileField ... ok
Doctest: zoom.fields.FloatField ... ok
Doctest: zoom.fields.Form ... ok
Doctest: zoom.fields.Hidden ... ok
Doctest: zoom.fields.ImageField ... ok
Doctest: zoom.fields.ImagesField ... ok
Doctest: zoom.fields.IntegerField ... ok
Doctest: zoom.fields.MarkdownField ... ok
Doctest: zoom.fields.MemoField ... ok
Doctest: zoom.fields.MoneyField ... ok
Doctest: zoom.fields.MultiselectField ... ok
Doctest: zoom.fields.NumberField ... ok
Doctest: zoom.fields.PasswordField ... ok
Doctest: zoom.fields.PhoneField ... ok
Doctest: zoom.fields.PostalCodeField ... ok
Doctest: zoom.fields.Pulldown ... ok
Doctest: zoom.fields.PulldownField ... ok
Doctest: zoom.fields.RadioField ... ok
Doctest: zoom.fields.RangeSliderField ... ok
Doctest: zoom.fields.Section ... ok
Doctest: zoom.fields.TextField ... ok
Doctest: zoom.fields.TwitterField ... ok
Doctest: zoom.fields.URLField ... ok
Doctest: zoom.fields.layout_field ... ok
Doctest: zoom.helpers._app_menu ... ok
Doctest: zoom.helpers.attribute_escape ... ok
Doctest: zoom.helpers.construct_url ... ok
Doctest: zoom.helpers.url_for ... ok
Doctest: zoom.html.div ... ok
Doctest: zoom.html.li ... ok
Doctest: zoom.html.tag ... ok
Doctest: zoom.html.ul ... ok
Doctest: zoom.queues.Queues ... ok
Doctest: zoom.queues.Topic.__iter__ ... ok
Doctest: zoom.queues.Topic.__len__ ... ok
Doctest: zoom.queues.Topic.handle ... ok
Doctest: zoom.queues.Topic.len ... ok
Doctest: zoom.queues.Topic.listen ... ok
Doctest: zoom.queues.Topic.peek ... ok
Doctest: zoom.queues.Topic.poll ... ok
Doctest: zoom.queues.Topic.pop ... ok
Doctest: zoom.queues.Topic.process ... ok
Doctest: zoom.queues.Topic.send ... ok
Doctest: zoom.queues.Topic.wait ... ok
Doctest: zoom.records.RecordStore ... ok
Doctest: zoom.records.RecordStore.__getitem__ ... ok
Doctest: zoom.records.RecordStore.__iter__ ... ok
Doctest: zoom.records.RecordStore.__len__ ... ok
Doctest: zoom.records.RecordStore.__repr__ ... ok
Doctest: zoom.records.RecordStore.__str__ ... ok
Doctest: zoom.records.RecordStore.all ... ok
Doctest: zoom.records.RecordStore.delete ... ok
Doctest: zoom.records.RecordStore.exists ... ok
Doctest: zoom.records.RecordStore.filter ... ok
Doctest: zoom.records.RecordStore.find ... ok
Doctest: zoom.records.RecordStore.first ... ok
Doctest: zoom.records.RecordStore.get ... ok
Doctest: zoom.records.RecordStore.get_attributes ... ok
Doctest: zoom.records.RecordStore.last ... ok
Doctest: zoom.records.RecordStore.put ... ok
Doctest: zoom.records.RecordStore.search ... ok
Doctest: zoom.records.RecordStore.zap ... ok
Doctest: zoom.response.HTMLResponse ... ok
Doctest: zoom.services.cmd ... ok
Doctest: zoom.session.Session.__repr__ ... ok
Doctest: zoom.settings.Settings ... ok
Doctest: zoom.snippets.Snippet ... ok
Doctest: zoom.sqltools.sql_apply ... ok
Doctest: zoom.sqltools.summarize ... ok
Doctest: zoom.store.Store ... ok
Doctest: zoom.store.Store.__getitem__ ... ok
Doctest: zoom.store.Store.__len__ ... ok
Doctest: zoom.store.Store.all ... ok
Doctest: zoom.store.Store.delete ... ok
Doctest: zoom.store.Store.exists ... ok
Doctest: zoom.store.Store.find ... ok
Doctest: zoom.store.Store.first ... ok
Doctest: zoom.store.Store.get ... ok
Doctest: zoom.store.Store.get_attributes ... ok
Doctest: zoom.store.Store.last ... ok
Doctest: zoom.store.Store.put ... ok
Doctest: zoom.store.Store.search ... ok
Doctest: zoom.store.Store.zap ... ok
Doctest: zoom.tables.RecordStore ... ok
Doctest: zoom.tables.RecordStore.__len__ ... ok
Doctest: zoom.tables.RecordStore.all ... ok
Doctest: zoom.tables.RecordStore.delete ... ok
Doctest: zoom.tables.RecordStore.exists ... ok
Doctest: zoom.tables.RecordStore.find ... ok
Doctest: zoom.tables.RecordStore.first ... ok
Doctest: zoom.tables.RecordStore.get ... ok
Doctest: zoom.tables.RecordStore.get_attributes ... ok
Doctest: zoom.tables.RecordStore.last ... ok
Doctest: zoom.tables.RecordStore.put ... ok
Doctest: zoom.tables.RecordStore.zap ... ok
Doctest: zoom.tools.as_actions ... ok
Doctest: zoom.tools.home ... ok
Doctest: zoom.tools.how_long ... ok
Doctest: zoom.tools.how_long_ago ... ok
Doctest: zoom.tools.htmlquote ... ok
Doctest: zoom.user.is_member ... ok
Doctest: zoom.utils.DefaultRecord ... ok
Doctest: zoom.utils.OrderedSet ... ok
Doctest: zoom.utils.Record ... ok
Doctest: zoom.utils.RecordList.__str__ ... ok
Doctest: zoom.utils.Storage ... ok
Doctest: zoom.utils.id_for ... ok
Doctest: zoom.utils.layout_field ... ok
Doctest: zoom.utils.tag_for ... ok
Doctest: zoom.utils.trim ... ok
Doctest: zoom.validators.DateValidator ... ok
Doctest: zoom.validators.MaximumValue ... ok
Doctest: zoom.validators.MinimumLength ... ok
Doctest: zoom.validators.MinimumValue ... ok
Doctest: zoom.validators.PostalCodeValidator ... ok
Doctest: zoom.validators.RegexValidator ... ok
Doctest: zoom.validators.URLValidator ... ok
Doctest: zoom.validators.number_valid ... ok
Doctest: zoom.vis.bootstrap.html_classed ... ok
test_apps (sidetests.test_system.SeleniumTests) ... ok
test_basic (sidetests.test_system.SeleniumTests) ... ok
test_collections (sidetests.test_system.SeleniumTests) ... ok
test_content (sidetests.test_system.SeleniumTests) ... ok
test_groups (sidetests.test_system.SeleniumTests) ... ok
test_register (sidetests.test_system.SeleniumTests) ... ok
test_create (unittests.test_config.TestConfig) ... ok
test_create_cookie (unittests.test_cookies.TestRequest) ... ok
test_create_not_secure_cookie (unittests.test_cookies.TestRequest) ... ok
test_Column (unittests.test_database.TestDatabase) ... ok
test_Columns (unittests.test_database.TestDatabase) ... ok
test_Database_create_drop_table (unittests.test_database.TestDatabase) ... ok
test_Database_decimal (unittests.test_database.TestDatabase) ... ok
test_Database_getattr (unittests.test_database.TestDatabase) ... ok
test_Database_insert_update_record (unittests.test_database.TestDatabase) ... ok
test_Database_tablenames (unittests.test_database.TestDatabase) ... ok
test_Record (unittests.test_database.TestDatabase) ... ok
test_RecordSet (unittests.test_database.TestDatabase) ... ok
test_Record_metadata (unittests.test_database.TestDatabase) ... ok
test_Table (unittests.test_database.TestDatabase) ... ok
test_Table_locate (unittests.test_database.TestDatabase) ... ok
test_Table_seek (unittests.test_database.TestDatabase) ... ok
test_Database_decimal (unittests.test_db.TestDb) ... ok
test_RecordSet (unittests.test_db.TestDb) ... ok
test_db_create_drop_table (unittests.test_db.TestDb) ... ok
test_db_insert_update_record (unittests.test_db.TestDb) ... ok
test_last_rowid (unittests.test_db.TestDb) ... ok
test_metadata (unittests.test_db.TestDb) ... ok
test_record (unittests.test_db.TestDb) ... ok
test_basic (unittests.test_fill.TestFill) ... ok
test_basic_with_extra_spaces (unittests.test_fill.TestFill) ... ok
test_comments (unittests.test_fill.TestFill) ... ok
test_missing (unittests.test_fill.TestFill) ... ok
test_multiple (unittests.test_fill.TestFill) ... ok
test_multiple_comments (unittests.test_fill.TestFill) ... ok
test_nested_comments (unittests.test_fill.TestFill) ... ok
test_no_quotes (unittests.test_fill.TestFill) ... ok
test_none (unittests.test_fill.TestFill) ... ok
test_one_param (unittests.test_fill.TestFill) ... ok
test_single_line_only (unittests.test_fill.TestFill) ... ok
test_surrounded (unittests.test_fill.TestFill) ... ok
unittests.test_fill.test ... ok
test_expired_subject_cookie (unittests.test_request.TestRequest) ... ok
test_subject_cookie (unittests.test_request.TestRequest) ... ok
test_session (unittests.test_session.TestRequest) ... ok
test_many_updates (unittests.test_snippets.TestSnippets) ... ok
test_updates (unittests.test_snippets.TestSnippets) ... ok
test_attributes (unittests.test_storage.TestModel) ... ok
test_bool (unittests.test_storage.TestModel) ... ok
test_case_agnostic (unittests.test_storage.TestModel) ... ok
test_create (unittests.test_storage.TestModel) ... ok
test_dont_put_invalid_object (unittests.test_storage.TestModel) ... ok
test_exists (unittests.test_storage.TestModel) ... ok
test_find (unittests.test_storage.TestModel) ... ok
test_float (unittests.test_storage.TestModel) ... ok
test_get (unittests.test_storage.TestModel) ... ok
test_get_all (unittests.test_storage.TestModel) ... ok
test_get_missing (unittests.test_storage.TestModel) ... ok
test_get_multiple (unittests.test_storage.TestModel) ... ok
test_init (unittests.test_storage.TestModel) ... ok
test_instance (unittests.test_storage.TestModel) ... ok
test_kind (unittests.test_storage.TestModel) ... ok
test_none (unittests.test_storage.TestModel) ... ok
test_put (unittests.test_storage.TestModel) ... ok
test_put_new_then_get (unittests.test_storage.TestModel) ... ok
test_sort (unittests.test_storage.TestModel) ... ok
test_update (unittests.test_storage.TestModel) ... ok
test_with_methods (unittests.test_storage.TestModel) ... ok
test_zap_and_len (unittests.test_storage.TestModel) ... ok
test_bool (unittests.test_store.TestDb) ... ok
test_delete_by_entity (unittests.test_store.TestDb) ... ok
test_delete_by_id (unittests.test_store.TestDb) ... ok
test_get (unittests.test_store.TestDb) ... ok
test_get_missing (unittests.test_store.TestDb) ... ok
test_get_multiple (unittests.test_store.TestDb) ... ok
test_kind (unittests.test_store.TestDb) ... ok
test_len (unittests.test_store.TestDb) ... ok
test_none (unittests.test_store.TestDb) ... ok
test_put (unittests.test_store.TestDb) ... ok
test_zap (unittests.test_store.TestDb) ... ok

----------------------------------------------------------------------
Ran 230 tests in 417.291s

OK
